The system is: Darwin - 19.6.0 - x86_64
Compiling the C compiler identification source file "CMakeCCompilerId.c" succeeded.
Compiler: /Library/Developer/CommandLineTools/usr/bin/cc 
Build flags: 
Id flags:  

The output was:
0


Compilation of the C compiler identification source "CMakeCCompilerId.c" produced "a.out"

The C compiler identification is AppleClang, found in "/Users/ilenelu/Documents/Research/data-driven simulation/spinxform_opengl/build/CMakeFiles/3.13.3/CompilerIdC/a.out"

Compiling the CXX compiler identification source file "CMakeCXXCompilerId.cpp" succeeded.
Compiler: /Library/Developer/CommandLineTools/usr/bin/c++ 
Build flags: 
Id flags:  

The output was:
0


Compilation of the CXX compiler identification source "CMakeCXXCompilerId.cpp" produced "a.out"

The CXX compiler identification is AppleClang, found in "/Users/ilenelu/Documents/Research/data-driven simulation/spinxform_opengl/build/CMakeFiles/3.13.3/CompilerIdCXX/a.out"

Determining if the C compiler works passed with the following output:
Change Dir: /Users/ilenelu/Documents/Research/data-driven simulation/spinxform_opengl/build/CMakeFiles/CMakeTmp

Run Build Command:"/usr/bin/make" "cmTC_63749/fast"
/Library/Developer/CommandLineTools/usr/bin/make -f CMakeFiles/cmTC_63749.dir/build.make CMakeFiles/cmTC_63749.dir/build
Building C object CMakeFiles/cmTC_63749.dir/testCCompiler.c.o
/Library/Developer/CommandLineTools/usr/bin/cc   -isysroot /Library/Developer/CommandLineTools/SDKs/MacOSX10.15.sdk   -o CMakeFiles/cmTC_63749.dir/testCCompiler.c.o   -c "/Users/ilenelu/Documents/Research/data-driven simulation/spinxform_opengl/build/CMakeFiles/CMakeTmp/testCCompiler.c"
Linking C executable cmTC_63749
/usr/local/Cellar/cmake/3.13.3/bin/cmake -E cmake_link_script CMakeFiles/cmTC_63749.dir/link.txt --verbose=1
/Library/Developer/CommandLineTools/usr/bin/cc   -isysroot /Library/Developer/CommandLineTools/SDKs/MacOSX10.15.sdk -Wl,-search_paths_first -Wl,-headerpad_max_install_names   CMakeFiles/cmTC_63749.dir/testCCompiler.c.o  -o cmTC_63749 


Detecting C compiler ABI info compiled with the following output:
Change Dir: /Users/ilenelu/Documents/Research/data-driven simulation/spinxform_opengl/build/CMakeFiles/CMakeTmp

Run Build Command:"/usr/bin/make" "cmTC_bc952/fast"
/Library/Developer/CommandLineTools/usr/bin/make -f CMakeFiles/cmTC_bc952.dir/build.make CMakeFiles/cmTC_bc952.dir/build
Building C object CMakeFiles/cmTC_bc952.dir/CMakeCCompilerABI.c.o
/Library/Developer/CommandLineTools/usr/bin/cc   -isysroot /Library/Developer/CommandLineTools/SDKs/MacOSX10.15.sdk   -o CMakeFiles/cmTC_bc952.dir/CMakeCCompilerABI.c.o   -c /usr/local/Cellar/cmake/3.13.3/share/cmake/Modules/CMakeCCompilerABI.c
Linking C executable cmTC_bc952
/usr/local/Cellar/cmake/3.13.3/bin/cmake -E cmake_link_script CMakeFiles/cmTC_bc952.dir/link.txt --verbose=1
/Library/Developer/CommandLineTools/usr/bin/cc   -isysroot /Library/Developer/CommandLineTools/SDKs/MacOSX10.15.sdk -Wl,-search_paths_first -Wl,-headerpad_max_install_names  -v -Wl,-v CMakeFiles/cmTC_bc952.dir/CMakeCCompilerABI.c.o  -o cmTC_bc952 
Apple clang version 11.0.0 (clang-1100.0.33.8)
Target: x86_64-apple-darwin19.6.0
Thread model: posix
InstalledDir: /Library/Developer/CommandLineTools/usr/bin
 "/Library/Developer/CommandLineTools/usr/bin/ld" -demangle -lto_library /Library/Developer/CommandLineTools/usr/lib/libLTO.dylib -dynamic -arch x86_64 -macosx_version_min 10.15.0 -syslibroot /Library/Developer/CommandLineTools/SDKs/MacOSX10.15.sdk -o cmTC_bc952 -search_paths_first -headerpad_max_install_names -v CMakeFiles/cmTC_bc952.dir/CMakeCCompilerABI.c.o -lSystem /Library/Developer/CommandLineTools/usr/lib/clang/11.0.0/lib/darwin/libclang_rt.osx.a
@(#)PROGRAM:ld  PROJECT:ld64-512.4
BUILD 05:06:53 Aug 16 2019
configured to support archs: armv6 armv7 armv7s arm64 arm64e arm64_32 i386 x86_64 x86_64h armv6m armv7k armv7m armv7em
Library search paths:
	/Library/Developer/CommandLineTools/SDKs/MacOSX10.15.sdk/usr/lib
Framework search paths:
	/Library/Developer/CommandLineTools/SDKs/MacOSX10.15.sdk/System/Library/Frameworks/


Parsed C implicit link information from above output:
  link line regex: [^( *|.*[/\])(ld|CMAKE_LINK_STARTFILE-NOTFOUND|([^/\]+-)?ld|collect2)[^/\]*( |$)]
  ignore line: [Change Dir: /Users/ilenelu/Documents/Research/data-driven simulation/spinxform_opengl/build/CMakeFiles/CMakeTmp]
  ignore line: []
  ignore line: [Run Build Command:"/usr/bin/make" "cmTC_bc952/fast"]
  ignore line: [/Library/Developer/CommandLineTools/usr/bin/make -f CMakeFiles/cmTC_bc952.dir/build.make CMakeFiles/cmTC_bc952.dir/build]
  ignore line: [Building C object CMakeFiles/cmTC_bc952.dir/CMakeCCompilerABI.c.o]
  ignore line: [/Library/Developer/CommandLineTools/usr/bin/cc   -isysroot /Library/Developer/CommandLineTools/SDKs/MacOSX10.15.sdk   -o CMakeFiles/cmTC_bc952.dir/CMakeCCompilerABI.c.o   -c /usr/local/Cellar/cmake/3.13.3/share/cmake/Modules/CMakeCCompilerABI.c]
  ignore line: [Linking C executable cmTC_bc952]
  ignore line: [/usr/local/Cellar/cmake/3.13.3/bin/cmake -E cmake_link_script CMakeFiles/cmTC_bc952.dir/link.txt --verbose=1]
  ignore line: [/Library/Developer/CommandLineTools/usr/bin/cc   -isysroot /Library/Developer/CommandLineTools/SDKs/MacOSX10.15.sdk -Wl,-search_paths_first -Wl,-headerpad_max_install_names  -v -Wl,-v CMakeFiles/cmTC_bc952.dir/CMakeCCompilerABI.c.o  -o cmTC_bc952 ]
  ignore line: [Apple clang version 11.0.0 (clang-1100.0.33.8)]
  ignore line: [Target: x86_64-apple-darwin19.6.0]
  ignore line: [Thread model: posix]
  ignore line: [InstalledDir: /Library/Developer/CommandLineTools/usr/bin]
  link line: [ "/Library/Developer/CommandLineTools/usr/bin/ld" -demangle -lto_library /Library/Developer/CommandLineTools/usr/lib/libLTO.dylib -dynamic -arch x86_64 -macosx_version_min 10.15.0 -syslibroot /Library/Developer/CommandLineTools/SDKs/MacOSX10.15.sdk -o cmTC_bc952 -search_paths_first -headerpad_max_install_names -v CMakeFiles/cmTC_bc952.dir/CMakeCCompilerABI.c.o -lSystem /Library/Developer/CommandLineTools/usr/lib/clang/11.0.0/lib/darwin/libclang_rt.osx.a]
    arg [/Library/Developer/CommandLineTools/usr/bin/ld] ==> ignore
    arg [-demangle] ==> ignore
    arg [-lto_library] ==> ignore, skip following value
    arg [/Library/Developer/CommandLineTools/usr/lib/libLTO.dylib] ==> skip value of -lto_library
    arg [-dynamic] ==> ignore
    arg [-arch] ==> ignore
    arg [x86_64] ==> ignore
    arg [-macosx_version_min] ==> ignore
    arg [10.15.0] ==> ignore
    arg [-syslibroot] ==> ignore
    arg [/Library/Developer/CommandLineTools/SDKs/MacOSX10.15.sdk] ==> ignore
    arg [-o] ==> ignore
    arg [cmTC_bc952] ==> ignore
    arg [-search_paths_first] ==> ignore
    arg [-headerpad_max_install_names] ==> ignore
    arg [-v] ==> ignore
    arg [CMakeFiles/cmTC_bc952.dir/CMakeCCompilerABI.c.o] ==> ignore
    arg [-lSystem] ==> lib [System]
    arg [/Library/Developer/CommandLineTools/usr/lib/clang/11.0.0/lib/darwin/libclang_rt.osx.a] ==> lib [/Library/Developer/CommandLineTools/usr/lib/clang/11.0.0/lib/darwin/libclang_rt.osx.a]
  Library search paths: [;/Library/Developer/CommandLineTools/SDKs/MacOSX10.15.sdk/usr/lib]
  Framework search paths: [;/Library/Developer/CommandLineTools/SDKs/MacOSX10.15.sdk/System/Library/Frameworks/]
  remove lib [System]
  remove lib [/Library/Developer/CommandLineTools/usr/lib/clang/11.0.0/lib/darwin/libclang_rt.osx.a]
  collapse library dir [/Library/Developer/CommandLineTools/SDKs/MacOSX10.15.sdk/usr/lib] ==> [/Library/Developer/CommandLineTools/SDKs/MacOSX10.15.sdk/usr/lib]
  collapse framework dir [/Library/Developer/CommandLineTools/SDKs/MacOSX10.15.sdk/System/Library/Frameworks/] ==> [/Library/Developer/CommandLineTools/SDKs/MacOSX10.15.sdk/System/Library/Frameworks]
  implicit libs: []
  implicit dirs: [/Library/Developer/CommandLineTools/SDKs/MacOSX10.15.sdk/usr/lib]
  implicit fwks: [/Library/Developer/CommandLineTools/SDKs/MacOSX10.15.sdk/System/Library/Frameworks]




Detecting C [-std=c11] compiler features compiled with the following output:
Change Dir: /Users/ilenelu/Documents/Research/data-driven simulation/spinxform_opengl/build/CMakeFiles/CMakeTmp

Run Build Command:"/usr/bin/make" "cmTC_740f2/fast"
/Library/Developer/CommandLineTools/usr/bin/make -f CMakeFiles/cmTC_740f2.dir/build.make CMakeFiles/cmTC_740f2.dir/build
Building C object CMakeFiles/cmTC_740f2.dir/feature_tests.c.o
/Library/Developer/CommandLineTools/usr/bin/cc   -isysroot /Library/Developer/CommandLineTools/SDKs/MacOSX10.15.sdk   -std=c11 -o CMakeFiles/cmTC_740f2.dir/feature_tests.c.o   -c "/Users/ilenelu/Documents/Research/data-driven simulation/spinxform_opengl/build/CMakeFiles/feature_tests.c"
Linking C executable cmTC_740f2
/usr/local/Cellar/cmake/3.13.3/bin/cmake -E cmake_link_script CMakeFiles/cmTC_740f2.dir/link.txt --verbose=1
/Library/Developer/CommandLineTools/usr/bin/cc   -isysroot /Library/Developer/CommandLineTools/SDKs/MacOSX10.15.sdk -Wl,-search_paths_first -Wl,-headerpad_max_install_names   CMakeFiles/cmTC_740f2.dir/feature_tests.c.o  -o cmTC_740f2 


    Feature record: C_FEATURE:1c_function_prototypes
    Feature record: C_FEATURE:1c_restrict
    Feature record: C_FEATURE:1c_static_assert
    Feature record: C_FEATURE:1c_variadic_macros


Detecting C [-std=c99] compiler features compiled with the following output:
Change Dir: /Users/ilenelu/Documents/Research/data-driven simulation/spinxform_opengl/build/CMakeFiles/CMakeTmp

Run Build Command:"/usr/bin/make" "cmTC_7d991/fast"
/Library/Developer/CommandLineTools/usr/bin/make -f CMakeFiles/cmTC_7d991.dir/build.make CMakeFiles/cmTC_7d991.dir/build
Building C object CMakeFiles/cmTC_7d991.dir/feature_tests.c.o
/Library/Developer/CommandLineTools/usr/bin/cc   -isysroot /Library/Developer/CommandLineTools/SDKs/MacOSX10.15.sdk   -std=c99 -o CMakeFiles/cmTC_7d991.dir/feature_tests.c.o   -c "/Users/ilenelu/Documents/Research/data-driven simulation/spinxform_opengl/build/CMakeFiles/feature_tests.c"
Linking C executable cmTC_7d991
/usr/local/Cellar/cmake/3.13.3/bin/cmake -E cmake_link_script CMakeFiles/cmTC_7d991.dir/link.txt --verbose=1
/Library/Developer/CommandLineTools/usr/bin/cc   -isysroot /Library/Developer/CommandLineTools/SDKs/MacOSX10.15.sdk -Wl,-search_paths_first -Wl,-headerpad_max_install_names   CMakeFiles/cmTC_7d991.dir/feature_tests.c.o  -o cmTC_7d991 


    Feature record: C_FEATURE:1c_function_prototypes
    Feature record: C_FEATURE:1c_restrict
    Feature record: C_FEATURE:0c_static_assert
    Feature record: C_FEATURE:1c_variadic_macros


Detecting C [-std=c90] compiler features compiled with the following output:
Change Dir: /Users/ilenelu/Documents/Research/data-driven simulation/spinxform_opengl/build/CMakeFiles/CMakeTmp

Run Build Command:"/usr/bin/make" "cmTC_d8bc0/fast"
/Library/Developer/CommandLineTools/usr/bin/make -f CMakeFiles/cmTC_d8bc0.dir/build.make CMakeFiles/cmTC_d8bc0.dir/build
Building C object CMakeFiles/cmTC_d8bc0.dir/feature_tests.c.o
/Library/Developer/CommandLineTools/usr/bin/cc   -isysroot /Library/Developer/CommandLineTools/SDKs/MacOSX10.15.sdk   -std=c90 -o CMakeFiles/cmTC_d8bc0.dir/feature_tests.c.o   -c "/Users/ilenelu/Documents/Research/data-driven simulation/spinxform_opengl/build/CMakeFiles/feature_tests.c"
Linking C executable cmTC_d8bc0
/usr/local/Cellar/cmake/3.13.3/bin/cmake -E cmake_link_script CMakeFiles/cmTC_d8bc0.dir/link.txt --verbose=1
/Library/Developer/CommandLineTools/usr/bin/cc   -isysroot /Library/Developer/CommandLineTools/SDKs/MacOSX10.15.sdk -Wl,-search_paths_first -Wl,-headerpad_max_install_names   CMakeFiles/cmTC_d8bc0.dir/feature_tests.c.o  -o cmTC_d8bc0 


    Feature record: C_FEATURE:1c_function_prototypes
    Feature record: C_FEATURE:0c_restrict
    Feature record: C_FEATURE:0c_static_assert
    Feature record: C_FEATURE:0c_variadic_macros
Determining if the CXX compiler works passed with the following output:
Change Dir: /Users/ilenelu/Documents/Research/data-driven simulation/spinxform_opengl/build/CMakeFiles/CMakeTmp

Run Build Command:"/usr/bin/make" "cmTC_14860/fast"
/Library/Developer/CommandLineTools/usr/bin/make -f CMakeFiles/cmTC_14860.dir/build.make CMakeFiles/cmTC_14860.dir/build
Building CXX object CMakeFiles/cmTC_14860.dir/testCXXCompiler.cxx.o
/Library/Developer/CommandLineTools/usr/bin/c++    -isysroot /Library/Developer/CommandLineTools/SDKs/MacOSX10.15.sdk   -o CMakeFiles/cmTC_14860.dir/testCXXCompiler.cxx.o -c "/Users/ilenelu/Documents/Research/data-driven simulation/spinxform_opengl/build/CMakeFiles/CMakeTmp/testCXXCompiler.cxx"
Linking CXX executable cmTC_14860
/usr/local/Cellar/cmake/3.13.3/bin/cmake -E cmake_link_script CMakeFiles/cmTC_14860.dir/link.txt --verbose=1
/Library/Developer/CommandLineTools/usr/bin/c++    -isysroot /Library/Developer/CommandLineTools/SDKs/MacOSX10.15.sdk -Wl,-search_paths_first -Wl,-headerpad_max_install_names   CMakeFiles/cmTC_14860.dir/testCXXCompiler.cxx.o  -o cmTC_14860 


Detecting CXX compiler ABI info compiled with the following output:
Change Dir: /Users/ilenelu/Documents/Research/data-driven simulation/spinxform_opengl/build/CMakeFiles/CMakeTmp

Run Build Command:"/usr/bin/make" "cmTC_57572/fast"
/Library/Developer/CommandLineTools/usr/bin/make -f CMakeFiles/cmTC_57572.dir/build.make CMakeFiles/cmTC_57572.dir/build
Building CXX object CMakeFiles/cmTC_57572.dir/CMakeCXXCompilerABI.cpp.o
/Library/Developer/CommandLineTools/usr/bin/c++    -isysroot /Library/Developer/CommandLineTools/SDKs/MacOSX10.15.sdk   -o CMakeFiles/cmTC_57572.dir/CMakeCXXCompilerABI.cpp.o -c /usr/local/Cellar/cmake/3.13.3/share/cmake/Modules/CMakeCXXCompilerABI.cpp
Linking CXX executable cmTC_57572
/usr/local/Cellar/cmake/3.13.3/bin/cmake -E cmake_link_script CMakeFiles/cmTC_57572.dir/link.txt --verbose=1
/Library/Developer/CommandLineTools/usr/bin/c++    -isysroot /Library/Developer/CommandLineTools/SDKs/MacOSX10.15.sdk -Wl,-search_paths_first -Wl,-headerpad_max_install_names  -v -Wl,-v CMakeFiles/cmTC_57572.dir/CMakeCXXCompilerABI.cpp.o  -o cmTC_57572 
Apple clang version 11.0.0 (clang-1100.0.33.8)
Target: x86_64-apple-darwin19.6.0
Thread model: posix
InstalledDir: /Library/Developer/CommandLineTools/usr/bin
 "/Library/Developer/CommandLineTools/usr/bin/ld" -demangle -lto_library /Library/Developer/CommandLineTools/usr/lib/libLTO.dylib -dynamic -arch x86_64 -macosx_version_min 10.15.0 -syslibroot /Library/Developer/CommandLineTools/SDKs/MacOSX10.15.sdk -o cmTC_57572 -search_paths_first -headerpad_max_install_names -v CMakeFiles/cmTC_57572.dir/CMakeCXXCompilerABI.cpp.o -lc++ -lSystem /Library/Developer/CommandLineTools/usr/lib/clang/11.0.0/lib/darwin/libclang_rt.osx.a
@(#)PROGRAM:ld  PROJECT:ld64-512.4
BUILD 05:06:53 Aug 16 2019
configured to support archs: armv6 armv7 armv7s arm64 arm64e arm64_32 i386 x86_64 x86_64h armv6m armv7k armv7m armv7em
Library search paths:
	/Library/Developer/CommandLineTools/SDKs/MacOSX10.15.sdk/usr/lib
Framework search paths:
	/Library/Developer/CommandLineTools/SDKs/MacOSX10.15.sdk/System/Library/Frameworks/


Parsed CXX implicit link information from above output:
  link line regex: [^( *|.*[/\])(ld|CMAKE_LINK_STARTFILE-NOTFOUND|([^/\]+-)?ld|collect2)[^/\]*( |$)]
  ignore line: [Change Dir: /Users/ilenelu/Documents/Research/data-driven simulation/spinxform_opengl/build/CMakeFiles/CMakeTmp]
  ignore line: []
  ignore line: [Run Build Command:"/usr/bin/make" "cmTC_57572/fast"]
  ignore line: [/Library/Developer/CommandLineTools/usr/bin/make -f CMakeFiles/cmTC_57572.dir/build.make CMakeFiles/cmTC_57572.dir/build]
  ignore line: [Building CXX object CMakeFiles/cmTC_57572.dir/CMakeCXXCompilerABI.cpp.o]
  ignore line: [/Library/Developer/CommandLineTools/usr/bin/c++    -isysroot /Library/Developer/CommandLineTools/SDKs/MacOSX10.15.sdk   -o CMakeFiles/cmTC_57572.dir/CMakeCXXCompilerABI.cpp.o -c /usr/local/Cellar/cmake/3.13.3/share/cmake/Modules/CMakeCXXCompilerABI.cpp]
  ignore line: [Linking CXX executable cmTC_57572]
  ignore line: [/usr/local/Cellar/cmake/3.13.3/bin/cmake -E cmake_link_script CMakeFiles/cmTC_57572.dir/link.txt --verbose=1]
  ignore line: [/Library/Developer/CommandLineTools/usr/bin/c++    -isysroot /Library/Developer/CommandLineTools/SDKs/MacOSX10.15.sdk -Wl,-search_paths_first -Wl,-headerpad_max_install_names  -v -Wl,-v CMakeFiles/cmTC_57572.dir/CMakeCXXCompilerABI.cpp.o  -o cmTC_57572 ]
  ignore line: [Apple clang version 11.0.0 (clang-1100.0.33.8)]
  ignore line: [Target: x86_64-apple-darwin19.6.0]
  ignore line: [Thread model: posix]
  ignore line: [InstalledDir: /Library/Developer/CommandLineTools/usr/bin]
  link line: [ "/Library/Developer/CommandLineTools/usr/bin/ld" -demangle -lto_library /Library/Developer/CommandLineTools/usr/lib/libLTO.dylib -dynamic -arch x86_64 -macosx_version_min 10.15.0 -syslibroot /Library/Developer/CommandLineTools/SDKs/MacOSX10.15.sdk -o cmTC_57572 -search_paths_first -headerpad_max_install_names -v CMakeFiles/cmTC_57572.dir/CMakeCXXCompilerABI.cpp.o -lc++ -lSystem /Library/Developer/CommandLineTools/usr/lib/clang/11.0.0/lib/darwin/libclang_rt.osx.a]
    arg [/Library/Developer/CommandLineTools/usr/bin/ld] ==> ignore
    arg [-demangle] ==> ignore
    arg [-lto_library] ==> ignore, skip following value
    arg [/Library/Developer/CommandLineTools/usr/lib/libLTO.dylib] ==> skip value of -lto_library
    arg [-dynamic] ==> ignore
    arg [-arch] ==> ignore
    arg [x86_64] ==> ignore
    arg [-macosx_version_min] ==> ignore
    arg [10.15.0] ==> ignore
    arg [-syslibroot] ==> ignore
    arg [/Library/Developer/CommandLineTools/SDKs/MacOSX10.15.sdk] ==> ignore
    arg [-o] ==> ignore
    arg [cmTC_57572] ==> ignore
    arg [-search_paths_first] ==> ignore
    arg [-headerpad_max_install_names] ==> ignore
    arg [-v] ==> ignore
    arg [CMakeFiles/cmTC_57572.dir/CMakeCXXCompilerABI.cpp.o] ==> ignore
    arg [-lc++] ==> lib [c++]
    arg [-lSystem] ==> lib [System]
    arg [/Library/Developer/CommandLineTools/usr/lib/clang/11.0.0/lib/darwin/libclang_rt.osx.a] ==> lib [/Library/Developer/CommandLineTools/usr/lib/clang/11.0.0/lib/darwin/libclang_rt.osx.a]
  Library search paths: [;/Library/Developer/CommandLineTools/SDKs/MacOSX10.15.sdk/usr/lib]
  Framework search paths: [;/Library/Developer/CommandLineTools/SDKs/MacOSX10.15.sdk/System/Library/Frameworks/]
  remove lib [System]
  remove lib [/Library/Developer/CommandLineTools/usr/lib/clang/11.0.0/lib/darwin/libclang_rt.osx.a]
  collapse library dir [/Library/Developer/CommandLineTools/SDKs/MacOSX10.15.sdk/usr/lib] ==> [/Library/Developer/CommandLineTools/SDKs/MacOSX10.15.sdk/usr/lib]
  collapse framework dir [/Library/Developer/CommandLineTools/SDKs/MacOSX10.15.sdk/System/Library/Frameworks/] ==> [/Library/Developer/CommandLineTools/SDKs/MacOSX10.15.sdk/System/Library/Frameworks]
  implicit libs: [c++]
  implicit dirs: [/Library/Developer/CommandLineTools/SDKs/MacOSX10.15.sdk/usr/lib]
  implicit fwks: [/Library/Developer/CommandLineTools/SDKs/MacOSX10.15.sdk/System/Library/Frameworks]




Detecting CXX [-std=c++1z] compiler features compiled with the following output:
Change Dir: /Users/ilenelu/Documents/Research/data-driven simulation/spinxform_opengl/build/CMakeFiles/CMakeTmp

Run Build Command:"/usr/bin/make" "cmTC_3d486/fast"
/Library/Developer/CommandLineTools/usr/bin/make -f CMakeFiles/cmTC_3d486.dir/build.make CMakeFiles/cmTC_3d486.dir/build
Building CXX object CMakeFiles/cmTC_3d486.dir/feature_tests.cxx.o
/Library/Developer/CommandLineTools/usr/bin/c++    -isysroot /Library/Developer/CommandLineTools/SDKs/MacOSX10.15.sdk   -std=c++1z -o CMakeFiles/cmTC_3d486.dir/feature_tests.cxx.o -c "/Users/ilenelu/Documents/Research/data-driven simulation/spinxform_opengl/build/CMakeFiles/feature_tests.cxx"
Linking CXX executable cmTC_3d486
/usr/local/Cellar/cmake/3.13.3/bin/cmake -E cmake_link_script CMakeFiles/cmTC_3d486.dir/link.txt --verbose=1
/Library/Developer/CommandLineTools/usr/bin/c++    -isysroot /Library/Developer/CommandLineTools/SDKs/MacOSX10.15.sdk -Wl,-search_paths_first -Wl,-headerpad_max_install_names   CMakeFiles/cmTC_3d486.dir/feature_tests.cxx.o  -o cmTC_3d486 


    Feature record: CXX_FEATURE:1cxx_aggregate_default_initializers
    Feature record: CXX_FEATURE:1cxx_alias_templates
    Feature record: CXX_FEATURE:1cxx_alignas
    Feature record: CXX_FEATURE:1cxx_alignof
    Feature record: CXX_FEATURE:1cxx_attributes
    Feature record: CXX_FEATURE:1cxx_attribute_deprecated
    Feature record: CXX_FEATURE:1cxx_auto_type
    Feature record: CXX_FEATURE:1cxx_binary_literals
    Feature record: CXX_FEATURE:1cxx_constexpr
    Feature record: CXX_FEATURE:1cxx_contextual_conversions
    Feature record: CXX_FEATURE:1cxx_decltype
    Feature record: CXX_FEATURE:1cxx_decltype_auto
    Feature record: CXX_FEATURE:1cxx_decltype_incomplete_return_types
    Feature record: CXX_FEATURE:1cxx_default_function_template_args
    Feature record: CXX_FEATURE:1cxx_defaulted_functions
    Feature record: CXX_FEATURE:1cxx_defaulted_move_initializers
    Feature record: CXX_FEATURE:1cxx_delegating_constructors
    Feature record: CXX_FEATURE:1cxx_deleted_functions
    Feature record: CXX_FEATURE:1cxx_digit_separators
    Feature record: CXX_FEATURE:1cxx_enum_forward_declarations
    Feature record: CXX_FEATURE:1cxx_explicit_conversions
    Feature record: CXX_FEATURE:1cxx_extended_friend_declarations
    Feature record: CXX_FEATURE:1cxx_extern_templates
    Feature record: CXX_FEATURE:1cxx_final
    Feature record: CXX_FEATURE:1cxx_func_identifier
    Feature record: CXX_FEATURE:1cxx_generalized_initializers
    Feature record: CXX_FEATURE:1cxx_generic_lambdas
    Feature record: CXX_FEATURE:1cxx_inheriting_constructors
    Feature record: CXX_FEATURE:1cxx_inline_namespaces
    Feature record: CXX_FEATURE:1cxx_lambdas
    Feature record: CXX_FEATURE:1cxx_lambda_init_captures
    Feature record: CXX_FEATURE:1cxx_local_type_template_args
    Feature record: CXX_FEATURE:1cxx_long_long_type
    Feature record: CXX_FEATURE:1cxx_noexcept
    Feature record: CXX_FEATURE:1cxx_nonstatic_member_init
    Feature record: CXX_FEATURE:1cxx_nullptr
    Feature record: CXX_FEATURE:1cxx_override
    Feature record: CXX_FEATURE:1cxx_range_for
    Feature record: CXX_FEATURE:1cxx_raw_string_literals
    Feature record: CXX_FEATURE:1cxx_reference_qualified_functions
    Feature record: CXX_FEATURE:1cxx_relaxed_constexpr
    Feature record: CXX_FEATURE:1cxx_return_type_deduction
    Feature record: CXX_FEATURE:1cxx_right_angle_brackets
    Feature record: CXX_FEATURE:1cxx_rvalue_references
    Feature record: CXX_FEATURE:1cxx_sizeof_member
    Feature record: CXX_FEATURE:1cxx_static_assert
    Feature record: CXX_FEATURE:1cxx_strong_enums
    Feature record: CXX_FEATURE:1cxx_template_template_parameters
    Feature record: CXX_FEATURE:1cxx_thread_local
    Feature record: CXX_FEATURE:1cxx_trailing_return_types
    Feature record: CXX_FEATURE:1cxx_unicode_literals
    Feature record: CXX_FEATURE:1cxx_uniform_initialization
    Feature record: CXX_FEATURE:1cxx_unrestricted_unions
    Feature record: CXX_FEATURE:1cxx_user_literals
    Feature record: CXX_FEATURE:1cxx_variable_templates
    Feature record: CXX_FEATURE:1cxx_variadic_macros
    Feature record: CXX_FEATURE:1cxx_variadic_templates


Detecting CXX [-std=c++14] compiler features compiled with the following output:
Change Dir: /Users/ilenelu/Documents/Research/data-driven simulation/spinxform_opengl/build/CMakeFiles/CMakeTmp

Run Build Command:"/usr/bin/make" "cmTC_7390f/fast"
/Library/Developer/CommandLineTools/usr/bin/make -f CMakeFiles/cmTC_7390f.dir/build.make CMakeFiles/cmTC_7390f.dir/build
Building CXX object CMakeFiles/cmTC_7390f.dir/feature_tests.cxx.o
/Library/Developer/CommandLineTools/usr/bin/c++    -isysroot /Library/Developer/CommandLineTools/SDKs/MacOSX10.15.sdk   -std=c++14 -o CMakeFiles/cmTC_7390f.dir/feature_tests.cxx.o -c "/Users/ilenelu/Documents/Research/data-driven simulation/spinxform_opengl/build/CMakeFiles/feature_tests.cxx"
Linking CXX executable cmTC_7390f
/usr/local/Cellar/cmake/3.13.3/bin/cmake -E cmake_link_script CMakeFiles/cmTC_7390f.dir/link.txt --verbose=1
/Library/Developer/CommandLineTools/usr/bin/c++    -isysroot /Library/Developer/CommandLineTools/SDKs/MacOSX10.15.sdk -Wl,-search_paths_first -Wl,-headerpad_max_install_names   CMakeFiles/cmTC_7390f.dir/feature_tests.cxx.o  -o cmTC_7390f 


    Feature record: CXX_FEATURE:1cxx_aggregate_default_initializers
    Feature record: CXX_FEATURE:1cxx_alias_templates
    Feature record: CXX_FEATURE:1cxx_alignas
    Feature record: CXX_FEATURE:1cxx_alignof
    Feature record: CXX_FEATURE:1cxx_attributes
    Feature record: CXX_FEATURE:1cxx_attribute_deprecated
    Feature record: CXX_FEATURE:1cxx_auto_type
    Feature record: CXX_FEATURE:1cxx_binary_literals
    Feature record: CXX_FEATURE:1cxx_constexpr
    Feature record: CXX_FEATURE:1cxx_contextual_conversions
    Feature record: CXX_FEATURE:1cxx_decltype
    Feature record: CXX_FEATURE:1cxx_decltype_auto
    Feature record: CXX_FEATURE:1cxx_decltype_incomplete_return_types
    Feature record: CXX_FEATURE:1cxx_default_function_template_args
    Feature record: CXX_FEATURE:1cxx_defaulted_functions
    Feature record: CXX_FEATURE:1cxx_defaulted_move_initializers
    Feature record: CXX_FEATURE:1cxx_delegating_constructors
    Feature record: CXX_FEATURE:1cxx_deleted_functions
    Feature record: CXX_FEATURE:1cxx_digit_separators
    Feature record: CXX_FEATURE:1cxx_enum_forward_declarations
    Feature record: CXX_FEATURE:1cxx_explicit_conversions
    Feature record: CXX_FEATURE:1cxx_extended_friend_declarations
    Feature record: CXX_FEATURE:1cxx_extern_templates
    Feature record: CXX_FEATURE:1cxx_final
    Feature record: CXX_FEATURE:1cxx_func_identifier
    Feature record: CXX_FEATURE:1cxx_generalized_initializers
    Feature record: CXX_FEATURE:1cxx_generic_lambdas
    Feature record: CXX_FEATURE:1cxx_inheriting_constructors
    Feature record: CXX_FEATURE:1cxx_inline_namespaces
    Feature record: CXX_FEATURE:1cxx_lambdas
    Feature record: CXX_FEATURE:1cxx_lambda_init_captures
    Feature record: CXX_FEATURE:1cxx_local_type_template_args
    Feature record: CXX_FEATURE:1cxx_long_long_type
    Feature record: CXX_FEATURE:1cxx_noexcept
    Feature record: CXX_FEATURE:1cxx_nonstatic_member_init
    Feature record: CXX_FEATURE:1cxx_nullptr
    Feature record: CXX_FEATURE:1cxx_override
    Feature record: CXX_FEATURE:1cxx_range_for
    Feature record: CXX_FEATURE:1cxx_raw_string_literals
    Feature record: CXX_FEATURE:1cxx_reference_qualified_functions
    Feature record: CXX_FEATURE:1cxx_relaxed_constexpr
    Feature record: CXX_FEATURE:1cxx_return_type_deduction
    Feature record: CXX_FEATURE:1cxx_right_angle_brackets
    Feature record: CXX_FEATURE:1cxx_rvalue_references
    Feature record: CXX_FEATURE:1cxx_sizeof_member
    Feature record: CXX_FEATURE:1cxx_static_assert
    Feature record: CXX_FEATURE:1cxx_strong_enums
    Feature record: CXX_FEATURE:1cxx_template_template_parameters
    Feature record: CXX_FEATURE:1cxx_thread_local
    Feature record: CXX_FEATURE:1cxx_trailing_return_types
    Feature record: CXX_FEATURE:1cxx_unicode_literals
    Feature record: CXX_FEATURE:1cxx_uniform_initialization
    Feature record: CXX_FEATURE:1cxx_unrestricted_unions
    Feature record: CXX_FEATURE:1cxx_user_literals
    Feature record: CXX_FEATURE:1cxx_variable_templates
    Feature record: CXX_FEATURE:1cxx_variadic_macros
    Feature record: CXX_FEATURE:1cxx_variadic_templates


Detecting CXX [-std=c++11] compiler features compiled with the following output:
Change Dir: /Users/ilenelu/Documents/Research/data-driven simulation/spinxform_opengl/build/CMakeFiles/CMakeTmp

Run Build Command:"/usr/bin/make" "cmTC_0b33d/fast"
/Library/Developer/CommandLineTools/usr/bin/make -f CMakeFiles/cmTC_0b33d.dir/build.make CMakeFiles/cmTC_0b33d.dir/build
Building CXX object CMakeFiles/cmTC_0b33d.dir/feature_tests.cxx.o
/Library/Developer/CommandLineTools/usr/bin/c++    -isysroot /Library/Developer/CommandLineTools/SDKs/MacOSX10.15.sdk   -std=c++11 -o CMakeFiles/cmTC_0b33d.dir/feature_tests.cxx.o -c "/Users/ilenelu/Documents/Research/data-driven simulation/spinxform_opengl/build/CMakeFiles/feature_tests.cxx"
Linking CXX executable cmTC_0b33d
/usr/local/Cellar/cmake/3.13.3/bin/cmake -E cmake_link_script CMakeFiles/cmTC_0b33d.dir/link.txt --verbose=1
/Library/Developer/CommandLineTools/usr/bin/c++    -isysroot /Library/Developer/CommandLineTools/SDKs/MacOSX10.15.sdk -Wl,-search_paths_first -Wl,-headerpad_max_install_names   CMakeFiles/cmTC_0b33d.dir/feature_tests.cxx.o  -o cmTC_0b33d 


    Feature record: CXX_FEATURE:0cxx_aggregate_default_initializers
    Feature record: CXX_FEATURE:1cxx_alias_templates
    Feature record: CXX_FEATURE:1cxx_alignas
    Feature record: CXX_FEATURE:1cxx_alignof
    Feature record: CXX_FEATURE:1cxx_attributes
    Feature record: CXX_FEATURE:0cxx_attribute_deprecated
    Feature record: CXX_FEATURE:1cxx_auto_type
    Feature record: CXX_FEATURE:0cxx_binary_literals
    Feature record: CXX_FEATURE:1cxx_constexpr
    Feature record: CXX_FEATURE:0cxx_contextual_conversions
    Feature record: CXX_FEATURE:1cxx_decltype
    Feature record: CXX_FEATURE:0cxx_decltype_auto
    Feature record: CXX_FEATURE:1cxx_decltype_incomplete_return_types
    Feature record: CXX_FEATURE:1cxx_default_function_template_args
    Feature record: CXX_FEATURE:1cxx_defaulted_functions
    Feature record: CXX_FEATURE:1cxx_defaulted_move_initializers
    Feature record: CXX_FEATURE:1cxx_delegating_constructors
    Feature record: CXX_FEATURE:1cxx_deleted_functions
    Feature record: CXX_FEATURE:0cxx_digit_separators
    Feature record: CXX_FEATURE:1cxx_enum_forward_declarations
    Feature record: CXX_FEATURE:1cxx_explicit_conversions
    Feature record: CXX_FEATURE:1cxx_extended_friend_declarations
    Feature record: CXX_FEATURE:1cxx_extern_templates
    Feature record: CXX_FEATURE:1cxx_final
    Feature record: CXX_FEATURE:1cxx_func_identifier
    Feature record: CXX_FEATURE:1cxx_generalized_initializers
    Feature record: CXX_FEATURE:0cxx_generic_lambdas
    Feature record: CXX_FEATURE:1cxx_inheriting_constructors
    Feature record: CXX_FEATURE:1cxx_inline_namespaces
    Feature record: CXX_FEATURE:1cxx_lambdas
    Feature record: CXX_FEATURE:0cxx_lambda_init_captures
    Feature record: CXX_FEATURE:1cxx_local_type_template_args
    Feature record: CXX_FEATURE:1cxx_long_long_type
    Feature record: CXX_FEATURE:1cxx_noexcept
    Feature record: CXX_FEATURE:1cxx_nonstatic_member_init
    Feature record: CXX_FEATURE:1cxx_nullptr
    Feature record: CXX_FEATURE:1cxx_override
    Feature record: CXX_FEATURE:1cxx_range_for
    Feature record: CXX_FEATURE:1cxx_raw_string_literals
    Feature record: CXX_FEATURE:1cxx_reference_qualified_functions
    Feature record: CXX_FEATURE:0cxx_relaxed_constexpr
    Feature record: CXX_FEATURE:0cxx_return_type_deduction
    Feature record: CXX_FEATURE:1cxx_right_angle_brackets
    Feature record: CXX_FEATURE:1cxx_rvalue_references
    Feature record: CXX_FEATURE:1cxx_sizeof_member
    Feature record: CXX_FEATURE:1cxx_static_assert
    Feature record: CXX_FEATURE:1cxx_strong_enums
    Feature record: CXX_FEATURE:1cxx_template_template_parameters
    Feature record: CXX_FEATURE:1cxx_thread_local
    Feature record: CXX_FEATURE:1cxx_trailing_return_types
    Feature record: CXX_FEATURE:1cxx_unicode_literals
    Feature record: CXX_FEATURE:1cxx_uniform_initialization
    Feature record: CXX_FEATURE:1cxx_unrestricted_unions
    Feature record: CXX_FEATURE:1cxx_user_literals
    Feature record: CXX_FEATURE:0cxx_variable_templates
    Feature record: CXX_FEATURE:1cxx_variadic_macros
    Feature record: CXX_FEATURE:1cxx_variadic_templates


Detecting CXX [-std=c++98] compiler features compiled with the following output:
Change Dir: /Users/ilenelu/Documents/Research/data-driven simulation/spinxform_opengl/build/CMakeFiles/CMakeTmp

Run Build Command:"/usr/bin/make" "cmTC_95e93/fast"
/Library/Developer/CommandLineTools/usr/bin/make -f CMakeFiles/cmTC_95e93.dir/build.make CMakeFiles/cmTC_95e93.dir/build
Building CXX object CMakeFiles/cmTC_95e93.dir/feature_tests.cxx.o
/Library/Developer/CommandLineTools/usr/bin/c++    -isysroot /Library/Developer/CommandLineTools/SDKs/MacOSX10.15.sdk   -std=c++98 -o CMakeFiles/cmTC_95e93.dir/feature_tests.cxx.o -c "/Users/ilenelu/Documents/Research/data-driven simulation/spinxform_opengl/build/CMakeFiles/feature_tests.cxx"
Linking CXX executable cmTC_95e93
/usr/local/Cellar/cmake/3.13.3/bin/cmake -E cmake_link_script CMakeFiles/cmTC_95e93.dir/link.txt --verbose=1
/Library/Developer/CommandLineTools/usr/bin/c++    -isysroot /Library/Developer/CommandLineTools/SDKs/MacOSX10.15.sdk -Wl,-search_paths_first -Wl,-headerpad_max_install_names   CMakeFiles/cmTC_95e93.dir/feature_tests.cxx.o  -o cmTC_95e93 


    Feature record: CXX_FEATURE:0cxx_aggregate_default_initializers
    Feature record: CXX_FEATURE:0cxx_alias_templates
    Feature record: CXX_FEATURE:0cxx_alignas
    Feature record: CXX_FEATURE:0cxx_alignof
    Feature record: CXX_FEATURE:0cxx_attributes
    Feature record: CXX_FEATURE:0cxx_attribute_deprecated
    Feature record: CXX_FEATURE:0cxx_auto_type
    Feature record: CXX_FEATURE:0cxx_binary_literals
    Feature record: CXX_FEATURE:0cxx_constexpr
    Feature record: CXX_FEATURE:0cxx_contextual_conversions
    Feature record: CXX_FEATURE:0cxx_decltype
    Feature record: CXX_FEATURE:0cxx_decltype_auto
    Feature record: CXX_FEATURE:0cxx_decltype_incomplete_return_types
    Feature record: CXX_FEATURE:0cxx_default_function_template_args
    Feature record: CXX_FEATURE:0cxx_defaulted_functions
    Feature record: CXX_FEATURE:0cxx_defaulted_move_initializers
    Feature record: CXX_FEATURE:0cxx_delegating_constructors
    Feature record: CXX_FEATURE:0cxx_deleted_functions
    Feature record: CXX_FEATURE:0cxx_digit_separators
    Feature record: CXX_FEATURE:0cxx_enum_forward_declarations
    Feature record: CXX_FEATURE:0cxx_explicit_conversions
    Feature record: CXX_FEATURE:0cxx_extended_friend_declarations
    Feature record: CXX_FEATURE:0cxx_extern_templates
    Feature record: CXX_FEATURE:0cxx_final
    Feature record: CXX_FEATURE:0cxx_func_identifier
    Feature record: CXX_FEATURE:0cxx_generalized_initializers
    Feature record: CXX_FEATURE:0cxx_generic_lambdas
    Feature record: CXX_FEATURE:0cxx_inheriting_constructors
    Feature record: CXX_FEATURE:0cxx_inline_namespaces
    Feature record: CXX_FEATURE:0cxx_lambdas
    Feature record: CXX_FEATURE:0cxx_lambda_init_captures
    Feature record: CXX_FEATURE:0cxx_local_type_template_args
    Feature record: CXX_FEATURE:0cxx_long_long_type
    Feature record: CXX_FEATURE:0cxx_noexcept
    Feature record: CXX_FEATURE:0cxx_nonstatic_member_init
    Feature record: CXX_FEATURE:0cxx_nullptr
    Feature record: CXX_FEATURE:0cxx_override
    Feature record: CXX_FEATURE:0cxx_range_for
    Feature record: CXX_FEATURE:0cxx_raw_string_literals
    Feature record: CXX_FEATURE:0cxx_reference_qualified_functions
    Feature record: CXX_FEATURE:0cxx_relaxed_constexpr
    Feature record: CXX_FEATURE:0cxx_return_type_deduction
    Feature record: CXX_FEATURE:0cxx_right_angle_brackets
    Feature record: CXX_FEATURE:0cxx_rvalue_references
    Feature record: CXX_FEATURE:0cxx_sizeof_member
    Feature record: CXX_FEATURE:0cxx_static_assert
    Feature record: CXX_FEATURE:0cxx_strong_enums
    Feature record: CXX_FEATURE:1cxx_template_template_parameters
    Feature record: CXX_FEATURE:0cxx_thread_local
    Feature record: CXX_FEATURE:0cxx_trailing_return_types
    Feature record: CXX_FEATURE:0cxx_unicode_literals
    Feature record: CXX_FEATURE:0cxx_uniform_initialization
    Feature record: CXX_FEATURE:0cxx_unrestricted_unions
    Feature record: CXX_FEATURE:0cxx_user_literals
    Feature record: CXX_FEATURE:0cxx_variable_templates
    Feature record: CXX_FEATURE:0cxx_variadic_macros
    Feature record: CXX_FEATURE:0cxx_variadic_templates
Determining if the include file pthread.h exists passed with the following output:
Change Dir: /Users/ilenelu/Documents/Research/data-driven simulation/spinxform_opengl/build/CMakeFiles/CMakeTmp

Run Build Command:"/usr/bin/make" "cmTC_dfbda/fast"
/Library/Developer/CommandLineTools/usr/bin/make -f CMakeFiles/cmTC_dfbda.dir/build.make CMakeFiles/cmTC_dfbda.dir/build
Building C object CMakeFiles/cmTC_dfbda.dir/CheckIncludeFile.c.o
/Library/Developer/CommandLineTools/usr/bin/cc   -Wall -Werror -pedantic  -O3 -Iinclude -fPIC  -isysroot /Library/Developer/CommandLineTools/SDKs/MacOSX10.15.sdk   -o CMakeFiles/cmTC_dfbda.dir/CheckIncludeFile.c.o   -c "/Users/ilenelu/Documents/Research/data-driven simulation/spinxform_opengl/build/CMakeFiles/CMakeTmp/CheckIncludeFile.c"
Linking C executable cmTC_dfbda
/usr/local/Cellar/cmake/3.13.3/bin/cmake -E cmake_link_script CMakeFiles/cmTC_dfbda.dir/link.txt --verbose=1
/Library/Developer/CommandLineTools/usr/bin/cc  -Wall -Werror -pedantic  -O3 -Iinclude -fPIC  -isysroot /Library/Developer/CommandLineTools/SDKs/MacOSX10.15.sdk -Wl,-search_paths_first -Wl,-headerpad_max_install_names   CMakeFiles/cmTC_dfbda.dir/CheckIncludeFile.c.o  -o cmTC_dfbda 


Determining if the pthread_create exist passed with the following output:
Change Dir: /Users/ilenelu/Documents/Research/data-driven simulation/spinxform_opengl/build/CMakeFiles/CMakeTmp

Run Build Command:"/usr/bin/make" "cmTC_cffc8/fast"
/Library/Developer/CommandLineTools/usr/bin/make -f CMakeFiles/cmTC_cffc8.dir/build.make CMakeFiles/cmTC_cffc8.dir/build
Building C object CMakeFiles/cmTC_cffc8.dir/CheckSymbolExists.c.o
/Library/Developer/CommandLineTools/usr/bin/cc   -Wall -Werror -pedantic  -O3 -Iinclude -fPIC  -isysroot /Library/Developer/CommandLineTools/SDKs/MacOSX10.15.sdk   -o CMakeFiles/cmTC_cffc8.dir/CheckSymbolExists.c.o   -c "/Users/ilenelu/Documents/Research/data-driven simulation/spinxform_opengl/build/CMakeFiles/CMakeTmp/CheckSymbolExists.c"
Linking C executable cmTC_cffc8
/usr/local/Cellar/cmake/3.13.3/bin/cmake -E cmake_link_script CMakeFiles/cmTC_cffc8.dir/link.txt --verbose=1
/Library/Developer/CommandLineTools/usr/bin/cc  -Wall -Werror -pedantic  -O3 -Iinclude -fPIC  -isysroot /Library/Developer/CommandLineTools/SDKs/MacOSX10.15.sdk -Wl,-search_paths_first -Wl,-headerpad_max_install_names   CMakeFiles/cmTC_cffc8.dir/CheckSymbolExists.c.o  -o cmTC_cffc8 

File /Users/ilenelu/Documents/Research/data-driven simulation/spinxform_opengl/build/CMakeFiles/CMakeTmp/CheckSymbolExists.c:
/* */
#include <pthread.h>

int main(int argc, char** argv)
{
  (void)argv;
#ifndef pthread_create
  return ((int*)(&pthread_create))[argc];
#else
  (void)argc;
  return 0;
#endif
}

